<?xml version="1.0" encoding="UTF-8"?>
<robot generator="Robot 7.2 (Python 3.13.1 on win32)" generated="2025-01-31T15:11:47.762283" rpa="false" schemaversion="5">
<suite id="s1" name="Usuario" source="C:\Users\miori\robot-serverest\Testes\API\usuario.robot">
<test id="s1-t1" name="Deve realizar login com sucesso" line="19">
<kw name="Criar Sessão">
<kw name="Create Session" owner="RequestsLibrary">
<msg time="2025-01-31T15:11:48.115455" level="INFO">Creating Session using : alias=serverest, url=https://serverest.dev, headers={},                     cookies={}, auth=None, timeout=None, proxies=None, verify=False,                     debug=0 </msg>
<arg>serverest</arg>
<arg>${BASE_URL}</arg>
<arg>verify=False</arg>
<doc>Create Session: create a HTTP session to a server</doc>
<status status="PASS" start="2025-01-31T15:11:48.115291" elapsed="0.000300"/>
</kw>
<doc>Cria uma sessão para interagir com a API Serverest.</doc>
<status status="PASS" start="2025-01-31T15:11:48.114921" elapsed="0.000737"/>
</kw>
<kw name="Gerar Email Único">
<kw name="Get Time" owner="BuiltIn">
<msg time="2025-01-31T15:11:48.116114" level="INFO">${timestamp} = 1738347108</msg>
<var>${timestamp}</var>
<arg>epoch</arg>
<doc>Returns the given time in the requested format.</doc>
<status status="PASS" start="2025-01-31T15:11:48.115979" elapsed="0.000154"/>
</kw>
<return>
<value>novo${timestamp}@serverest.dev</value>
<status status="PASS" start="2025-01-31T15:11:48.116169" elapsed="0.000034"/>
</return>
<msg time="2025-01-31T15:11:48.116297" level="INFO">${email} = novo1738347108@serverest.dev</msg>
<var>${email}</var>
<doc>Gera um e-mail único com base no timestamp.</doc>
<status status="PASS" start="2025-01-31T15:11:48.115834" elapsed="0.000479"/>
</kw>
<kw name="Create Dictionary" owner="BuiltIn">
<msg time="2025-01-31T15:11:48.116750" level="INFO">${bodyCadastro} = {'nome': 'Mark', 'email': 'novo1738347108@serverest.dev', 'password': 'mark123', 'administrador': 'true'}</msg>
<var>${bodyCadastro}</var>
<arg>nome=Mark</arg>
<arg>email=${email}</arg>
<arg>password=mark123</arg>
<arg>administrador=true</arg>
<doc>Creates and returns a dictionary based on the given ``items``.</doc>
<status status="PASS" start="2025-01-31T15:11:48.116480" elapsed="0.000294"/>
</kw>
<kw name="POST On Session" owner="RequestsLibrary">
<msg time="2025-01-31T15:11:48.562419" level="INFO">POST Request : url=https://serverest.dev/usuarios 
 path_url=/usuarios 
 headers={'User-Agent': 'python-requests/2.32.3', 'Accept-Encoding': 'gzip, deflate', 'Accept': '*/*', 'Connection': 'keep-alive', 'Content-Length': '105', 'Content-Type': 'application/json'} 
 body=b'{"nome": "Mark", "email": "novo1738347108@serverest.dev", "password": "mark123", "administrador": "true"}' 
 </msg>
<msg time="2025-01-31T15:11:48.562525" level="INFO">POST Response : url=https://serverest.dev/usuarios 
 status=201, reason=Created 
 headers={'access-control-allow-origin': '*', 'x-dns-prefetch-control': 'off', 'x-frame-options': 'SAMEORIGIN', 'strict-transport-security': 'max-age=15552000; includeSubDomains', 'x-download-options': 'noopen', 'x-content-type-options': 'nosniff', 'x-xss-protection': '1; mode=block', 'content-type': 'application/json; charset=utf-8', 'X-Cloud-Trace-Context': 'f52654eeb6eec3d0f7c452a49cf2c8f6', 'Date': 'Fri, 31 Jan 2025 18:11:48 GMT', 'Server': 'Google Frontend', 'Content-Length': '82'} 
 body={
    "message": "Cadastro realizado com sucesso",
    "_id": "yf6KU7ep5kLbWGaw"
} 
 </msg>
<msg time="2025-01-31T15:11:48.562588" level="INFO">C:\Users\miori\AppData\Local\Programs\Python\Python313\Lib\site-packages\urllib3\connectionpool.py:1097: InsecureRequestWarning: Unverified HTTPS request is being made to host 'serverest.dev'. Adding certificate verification is strongly advised. See: https://urllib3.readthedocs.io/en/latest/advanced-usage.html#tls-warnings
  warnings.warn(</msg>
<msg time="2025-01-31T15:11:48.563278" level="INFO">${responseCadastro} = &lt;Response [201]&gt;</msg>
<var>${responseCadastro}</var>
<arg>serverest</arg>
<arg>/usuarios</arg>
<arg>json=${bodyCadastro}</arg>
<doc>Sends a POST request on a previously created HTTP Session.</doc>
<status status="PASS" start="2025-01-31T15:11:48.116932" elapsed="0.446375"/>
</kw>
<kw name="Log" owner="BuiltIn">
<msg time="2025-01-31T15:11:48.563993" level="INFO">{'message': 'Cadastro realizado com sucesso', '_id': 'yf6KU7ep5kLbWGaw'}</msg>
<arg>${responseCadastro.json()}</arg>
<arg>console=True</arg>
<doc>Logs the given message with the given level.</doc>
<status status="PASS" start="2025-01-31T15:11:48.563518" elapsed="0.000625"/>
</kw>
<kw name="Should Be Equal As Numbers" owner="BuiltIn">
<msg time="2025-01-31T15:11:48.564502" level="INFO">Argument types are:
&lt;class 'int'&gt;
&lt;class 'str'&gt;</msg>
<arg>${responseCadastro.status_code}</arg>
<arg>201</arg>
<doc>Fails if objects are unequal after converting them to real numbers.</doc>
<status status="PASS" start="2025-01-31T15:11:48.564268" elapsed="0.000279"/>
</kw>
<kw name="Should Be Equal As Strings" owner="BuiltIn">
<arg>${responseCadastro.json()['message']}</arg>
<arg>Cadastro realizado com sucesso</arg>
<doc>Fails if objects are unequal after converting them to strings.</doc>
<status status="PASS" start="2025-01-31T15:11:48.564671" elapsed="0.000284"/>
</kw>
<kw name="Create Dictionary" owner="BuiltIn">
<msg time="2025-01-31T15:11:48.565246" level="INFO">${bodyLogin} = {'email': 'novo1738347108@serverest.dev', 'password': 'mark123'}</msg>
<var>${bodyLogin}</var>
<arg>email=${email}</arg>
<arg>password=mark123</arg>
<doc>Creates and returns a dictionary based on the given ``items``.</doc>
<status status="PASS" start="2025-01-31T15:11:48.565088" elapsed="0.000175"/>
</kw>
<kw name="POST On Session" owner="RequestsLibrary">
<msg time="2025-01-31T15:11:48.756674" level="INFO">POST Request : url=https://serverest.dev/login 
 path_url=/login 
 headers={'User-Agent': 'python-requests/2.32.3', 'Accept-Encoding': 'gzip, deflate', 'Accept': '*/*', 'Connection': 'keep-alive', 'Content-Length': '64', 'Content-Type': 'application/json'} 
 body=b'{"email": "novo1738347108@serverest.dev", "password": "mark123"}' 
 </msg>
<msg time="2025-01-31T15:11:48.756750" level="INFO">POST Response : url=https://serverest.dev/login 
 status=200, reason=OK 
 headers={'access-control-allow-origin': '*', 'x-dns-prefetch-control': 'off', 'x-frame-options': 'SAMEORIGIN', 'strict-transport-security': 'max-age=15552000; includeSubDomains', 'x-download-options': 'noopen', 'x-content-type-options': 'nosniff', 'x-xss-protection': '1; mode=block', 'content-type': 'application/json; charset=utf-8', 'X-Cloud-Trace-Context': '07b9b5c532e26a91132844cc01863c08', 'Date': 'Fri, 31 Jan 2025 18:11:48 GMT', 'Server': 'Google Frontend', 'Content-Length': '288'} 
 body={
    "message": "Login realizado com sucesso",
    "authorization": "Bearer eyJhbGciOiJIUzI1NiIsInR5cCI6IkpXVCJ9.eyJlbWFpbCI6Im5vdm8xNzM4MzQ3MTA4QHNlcnZlcmVzdC5kZXYiLCJwYXNzd29yZCI6Im1hcmsxMjMiLCJpYXQiOjE3MzgzNDcxMDgsImV4cCI6MTczODM0NzcwOH0.dThLT889pLHQqe5taORLb4wBNeJSk6VqY4ic1CB-oVM"
} 
 </msg>
<msg time="2025-01-31T15:11:48.756809" level="INFO">C:\Users\miori\AppData\Local\Programs\Python\Python313\Lib\site-packages\urllib3\connectionpool.py:1097: InsecureRequestWarning: Unverified HTTPS request is being made to host 'serverest.dev'. Adding certificate verification is strongly advised. See: https://urllib3.readthedocs.io/en/latest/advanced-usage.html#tls-warnings
  warnings.warn(</msg>
<msg time="2025-01-31T15:11:48.757209" level="INFO">${responseLogin} = &lt;Response [200]&gt;</msg>
<var>${responseLogin}</var>
<arg>serverest</arg>
<arg>/login</arg>
<arg>json=${bodyLogin}</arg>
<doc>Sends a POST request on a previously created HTTP Session.</doc>
<status status="PASS" start="2025-01-31T15:11:48.565391" elapsed="0.191848"/>
</kw>
<kw name="Log" owner="BuiltIn">
<msg time="2025-01-31T15:11:48.757908" level="INFO">{'message': 'Login realizado com sucesso', 'authorization': 'Bearer eyJhbGciOiJIUzI1NiIsInR5cCI6IkpXVCJ9.eyJlbWFpbCI6Im5vdm8xNzM4MzQ3MTA4QHNlcnZlcmVzdC5kZXYiLCJwYXNzd29yZCI6Im1hcmsxMjMiLCJpYXQiOjE3MzgzNDcxMDgsImV4cCI6MTczODM0NzcwOH0.dThLT889pLHQqe5taORLb4wBNeJSk6VqY4ic1CB-oVM'}</msg>
<arg>${responseLogin.json()}</arg>
<arg>console=True</arg>
<doc>Logs the given message with the given level.</doc>
<status status="PASS" start="2025-01-31T15:11:48.757565" elapsed="0.000737"/>
</kw>
<kw name="Should Be Equal As Numbers" owner="BuiltIn">
<msg time="2025-01-31T15:11:48.758674" level="INFO">Argument types are:
&lt;class 'int'&gt;
&lt;class 'str'&gt;</msg>
<arg>${responseLogin.status_code}</arg>
<arg>200</arg>
<doc>Fails if objects are unequal after converting them to real numbers.</doc>
<status status="PASS" start="2025-01-31T15:11:48.758432" elapsed="0.000282"/>
</kw>
<kw name="Should Not Be Empty" owner="BuiltIn">
<msg time="2025-01-31T15:11:48.759076" level="INFO">Length is 215.</msg>
<arg>${responseLogin.json()['authorization']}</arg>
<doc>Verifies that the given item is not empty.</doc>
<status status="PASS" start="2025-01-31T15:11:48.758834" elapsed="0.000272"/>
</kw>
<status status="PASS" start="2025-01-31T15:11:48.114408" elapsed="0.644836"/>
</test>
<test id="s1-t2" name="Deve retornar erro ao tentar logar com credenciais inválidas" line="34">
<kw name="Criar Sessão">
<kw name="Create Session" owner="RequestsLibrary">
<msg time="2025-01-31T15:11:48.760284" level="INFO">Creating Session using : alias=serverest, url=https://serverest.dev, headers={},                     cookies={}, auth=None, timeout=None, proxies=None, verify=False,                     debug=0 </msg>
<arg>serverest</arg>
<arg>${BASE_URL}</arg>
<arg>verify=False</arg>
<doc>Create Session: create a HTTP session to a server</doc>
<status status="PASS" start="2025-01-31T15:11:48.760188" elapsed="0.000200"/>
</kw>
<doc>Cria uma sessão para interagir com a API Serverest.</doc>
<status status="PASS" start="2025-01-31T15:11:48.760046" elapsed="0.000385"/>
</kw>
<kw name="Create Dictionary" owner="BuiltIn">
<msg time="2025-01-31T15:11:48.760679" level="INFO">${body} = {'email': 'easter.egg@serverest.dev', 'password': 'senhaerrada'}</msg>
<var>${body}</var>
<arg>email=easter.egg@serverest.dev</arg>
<arg>password=senhaerrada</arg>
<doc>Creates and returns a dictionary based on the given ``items``.</doc>
<status status="PASS" start="2025-01-31T15:11:48.760562" elapsed="0.000134"/>
</kw>
<kw name="POST On Session" owner="RequestsLibrary">
<msg time="2025-01-31T15:11:49.180931" level="INFO">POST Request : url=https://serverest.dev/login 
 path_url=/login 
 headers={'User-Agent': 'python-requests/2.32.3', 'Accept-Encoding': 'gzip, deflate', 'Accept': '*/*', 'Connection': 'keep-alive', 'Content-Length': '64', 'Content-Type': 'application/json'} 
 body=b'{"email": "easter.egg@serverest.dev", "password": "senhaerrada"}' 
 </msg>
<msg time="2025-01-31T15:11:49.181009" level="INFO">POST Response : url=https://serverest.dev/login 
 status=401, reason=Unauthorized 
 headers={'access-control-allow-origin': '*', 'x-dns-prefetch-control': 'off', 'x-frame-options': 'SAMEORIGIN', 'strict-transport-security': 'max-age=15552000; includeSubDomains', 'x-download-options': 'noopen', 'x-content-type-options': 'nosniff', 'x-xss-protection': '1; mode=block', 'content-type': 'application/json; charset=utf-8', 'X-Cloud-Trace-Context': 'ffd75e6446dc36229ceb6374ee4d8679', 'Date': 'Fri, 31 Jan 2025 18:11:49 GMT', 'Server': 'Google Frontend', 'Content-Length': '48'} 
 body={
    "message": "Email e/ou senha inválidos"
} 
 </msg>
<msg time="2025-01-31T15:11:49.181070" level="INFO">C:\Users\miori\AppData\Local\Programs\Python\Python313\Lib\site-packages\urllib3\connectionpool.py:1097: InsecureRequestWarning: Unverified HTTPS request is being made to host 'serverest.dev'. Adding certificate verification is strongly advised. See: https://urllib3.readthedocs.io/en/latest/advanced-usage.html#tls-warnings
  warnings.warn(</msg>
<msg time="2025-01-31T15:11:49.181658" level="INFO">${response} = &lt;Response [401]&gt;</msg>
<var>${response}</var>
<arg>serverest</arg>
<arg>/login</arg>
<arg>json=${body}</arg>
<arg>expected_status=401</arg>
<doc>Sends a POST request on a previously created HTTP Session.</doc>
<status status="PASS" start="2025-01-31T15:11:48.760821" elapsed="0.420864"/>
</kw>
<kw name="Log" owner="BuiltIn">
<msg time="2025-01-31T15:11:49.182231" level="INFO">{'message': 'Email e/ou senha inválidos'}</msg>
<arg>${response.json()}</arg>
<arg>console=True</arg>
<doc>Logs the given message with the given level.</doc>
<status status="PASS" start="2025-01-31T15:11:49.181889" elapsed="0.000470"/>
</kw>
<kw name="Should Be Equal As Numbers" owner="BuiltIn">
<msg time="2025-01-31T15:11:49.182724" level="INFO">Argument types are:
&lt;class 'int'&gt;
&lt;class 'str'&gt;</msg>
<arg>${response.status_code}</arg>
<arg>401</arg>
<doc>Fails if objects are unequal after converting them to real numbers.</doc>
<status status="PASS" start="2025-01-31T15:11:49.182490" elapsed="0.000274"/>
</kw>
<kw name="Should Be Equal As Strings" owner="BuiltIn">
<arg>${response.json()['message']}</arg>
<arg>Email e/ou senha inválidos</arg>
<doc>Fails if objects are unequal after converting them to strings.</doc>
<status status="PASS" start="2025-01-31T15:11:49.182886" elapsed="0.000250"/>
</kw>
<status status="PASS" start="2025-01-31T15:11:48.759695" elapsed="0.423575"/>
</test>
<status status="PASS" start="2025-01-31T15:11:47.763418" elapsed="1.420426"/>
</suite>
<statistics>
<total>
<stat pass="2" fail="0" skip="0">All Tests</stat>
</total>
<tag>
</tag>
<suite>
<stat name="Usuario" id="s1" pass="2" fail="0" skip="0">Usuario</stat>
</suite>
</statistics>
<errors>
</errors>
</robot>
